gyp info it worked if it ends with ok
gyp info using node-gyp@8.3.0
gyp info using node@16.13.1 | darwin | arm64
gyp info find Python using Python version 3.8.9 found at "/Applications/Xcode.app/Contents/Developer/usr/bin/python3"
gyp info spawn /Applications/Xcode.app/Contents/Developer/usr/bin/python3
gyp info spawn args [
gyp info spawn args   '/Users/kevinskyba/.nvm/versions/node/v16.13.1/lib/node_modules/npm/node_modules/node-gyp/gyp/gyp_main.py',
gyp info spawn args   'binding.gyp',
gyp info spawn args   '-f',
gyp info spawn args   'make',
gyp info spawn args   '-I',
gyp info spawn args   '/Users/kevinskyba/Development/Udacity/BcND-Project2/node_modules/websocket/build/config.gypi',
gyp info spawn args   '-I',
gyp info spawn args   '/Users/kevinskyba/.nvm/versions/node/v16.13.1/lib/node_modules/npm/node_modules/node-gyp/addon.gypi',
gyp info spawn args   '-I',
gyp info spawn args   '/Users/kevinskyba/Library/Caches/node-gyp/16.13.1/include/node/common.gypi',
gyp info spawn args   '-Dlibrary=shared_library',
gyp info spawn args   '-Dvisibility=default',
gyp info spawn args   '-Dnode_root_dir=/Users/kevinskyba/Library/Caches/node-gyp/16.13.1',
gyp info spawn args   '-Dnode_gyp_dir=/Users/kevinskyba/.nvm/versions/node/v16.13.1/lib/node_modules/npm/node_modules/node-gyp',
gyp info spawn args   '-Dnode_lib_file=/Users/kevinskyba/Library/Caches/node-gyp/16.13.1/<(target_arch)/node.lib',
gyp info spawn args   '-Dmodule_root_dir=/Users/kevinskyba/Development/Udacity/BcND-Project2/node_modules/websocket',
gyp info spawn args   '-Dnode_engine=v8',
gyp info spawn args   '--depth=.',
gyp info spawn args   '--no-parallel',
gyp info spawn args   '--generator-output',
gyp info spawn args   'build',
gyp info spawn args   '-Goutput_dir=.'
gyp info spawn args ]
gyp info spawn make
gyp info spawn args [ 'BUILDTYPE=Release', '-C', 'build' ]
In file included from ../src/bufferutil.cc:17:
In file included from ../../nan/nan.h:222:
In file included from ../../nan/nan_converters.h:67:
../../nan/nan_converters_43_inl.h:22:1: error: no viable conversion from 'Local<v8::Context>' to 'v8::Isolate *'
X(Boolean)
^~~~~~~~~~
../../nan/nan_converters_43_inl.h:18:23: note: expanded from macro 'X'
      val->To ## TYPE(isolate->GetCurrentContext())                            \
                      ^~~~~~~~~~~~~~~~~~~~~~~~~~~~
/Users/kevinskyba/Library/Caches/node-gyp/16.13.1/include/node/v8.h:3086:37: note: passing argument to parameter 'isolate' here
  Local<Boolean> ToBoolean(Isolate* isolate) const;
                                    ^
In file included from ../src/bufferutil.cc:17:
In file included from ../../nan/nan.h:222:
In file included from ../../nan/nan_converters.h:67:
../../nan/nan_converters_43_inl.h:22:1: error: no member named 'FromMaybe' in 'v8::Local<v8::Boolean>'
X(Boolean)
^~~~~~~~~~
../../nan/nan_converters_43_inl.h:19:12: note: expanded from macro 'X'
          .FromMaybe(v8::Local<v8::TYPE>()));                                  \
           ^
../../nan/nan_converters_43_inl.h:40:1: error: no viable conversion from 'Local<v8::Context>' to 'v8::Isolate *'
X(bool, Boolean)
^~~~~~~~~~~~~~~~
../../nan/nan_converters_43_inl.h:37:29: note: expanded from macro 'X'
  return val->NAME ## Value(isolate->GetCurrentContext());                     \
                            ^~~~~~~~~~~~~~~~~~~~~~~~~~~~
/Users/kevinskyba/Library/Caches/node-gyp/16.13.1/include/node/v8.h:3096:30: note: passing argument to parameter 'isolate' here
  bool BooleanValue(Isolate* isolate) const;
                             ^
In file included from ../src/bufferutil.cc:17:
In file included from ../../nan/nan.h:222:
In file included from ../../nan/nan_converters.h:67:
../../nan/nan_converters_43_inl.h:40:1: error: no viable conversion from returned value of type 'bool' to function return type 'imp::ToFactory<bool>::return_t' (aka 'Maybe<bool>')
X(bool, Boolean)
^~~~~~~~~~~~~~~~
../../nan/nan_converters_43_inl.h:37:10: note: expanded from macro 'X'
  return val->NAME ## Value(isolate->GetCurrentContext());                     \
         ^~~~~~~~~~~~~~~~~~~~~~~~~~~~~~~~~~~~~~~~~~~~~~~~
/Users/kevinskyba/Library/Caches/node-gyp/16.13.1/include/node/v8.h:10437:7: note: candidate constructor (the implicit copy constructor) not viable: no known conversion from 'bool' to 'const v8::Maybe<bool> &' for 1st argument
class Maybe {
      ^
/Users/kevinskyba/Library/Caches/node-gyp/16.13.1/include/node/v8.h:10437:7: note: candidate constructor (the implicit move constructor) not viable: no known conversion from 'bool' to 'v8::Maybe<bool> &&' for 1st argument
/Users/kevinskyba/Library/Caches/node-gyp/16.13.1/include/node/v8.h:10492:12: note: explicit constructor is not a candidate
  explicit Maybe(const T& t) : has_value_(true), value_(t) {}
           ^
In file included from ../src/bufferutil.cc:17:
In file included from ../../nan/nan.h:223:
In file included from ../../nan/nan_new.h:189:
../../nan/nan_implementation_12_inl.h:356:37: error: too few arguments to function call, expected 2, have 1
  return v8::StringObject::New(value).As<v8::StringObject>();
         ~~~~~~~~~~~~~~~~~~~~~      ^
/Users/kevinskyba/Library/Caches/node-gyp/16.13.1/include/node/v8.h:6196:23: note: 'New' declared here
  static Local<Value> New(Isolate* isolate, Local<String> value);
                      ^
In file included from ../src/bufferutil.cc:17:
In file included from ../../nan/nan.h:2722:
../../nan/nan_object_wrap.h:24:25: error: no member named 'IsNearDeath' in 'Nan::Persistent<v8::Object>'
    assert(persistent().IsNearDeath());
           ~~~~~~~~~~~~ ^
/Applications/Xcode.app/Contents/Developer/Platforms/MacOSX.platform/Developer/SDKs/MacOSX.sdk/usr/include/assert.h:99:25: note: expanded from macro 'assert'
    (__builtin_expect(!(e), 0) ? __assert_rtn(__func__, __ASSERT_FILE_NAME, __LINE__, #e) : (void)0)
                        ^
In file included from ../src/bufferutil.cc:17:
In file included from ../../nan/nan.h:2722:
../../nan/nan_object_wrap.h:127:26: error: no member named 'IsNearDeath' in 'Nan::Persistent<v8::Object>'
    assert(wrap->handle_.IsNearDeath());
           ~~~~~~~~~~~~~ ^
/Applications/Xcode.app/Contents/Developer/Platforms/MacOSX.platform/Developer/SDKs/MacOSX.sdk/usr/include/assert.h:99:25: note: expanded from macro 'assert'
    (__builtin_expect(!(e), 0) ? __assert_rtn(__func__, __ASSERT_FILE_NAME, __LINE__, #e) : (void)0)
                        ^
In file included from ../src/bufferutil.cc:17:
In file included from ../../nan/nan.h:2818:
../../nan/nan_typedarray_contents.h:34:43: warning: 'GetContents' is deprecated: Use GetBackingStore. See http://crbug.com/v8/9908. [-Wdeprecated-declarations]
      data   = static_cast<char*>(buffer->GetContents().Data()) + byte_offset;
                                          ^
/Users/kevinskyba/Library/Caches/node-gyp/16.13.1/include/node/v8.h:5614:3: note: 'GetContents' has been explicitly marked deprecated here
  V8_DEPRECATED("Use GetBackingStore. See http://crbug.com/v8/9908.")
  ^
/Users/kevinskyba/Library/Caches/node-gyp/16.13.1/include/node/v8config.h:454:35: note: expanded from macro 'V8_DEPRECATED'
# define V8_DEPRECATED(message) [[deprecated(message)]]
                                  ^
../src/bufferutil.cc:26:30: error: no template named 'Handle' in namespace 'v8'
  static void Initialize(v8::Handle<v8::Object> target)
                         ~~~~^
../src/bufferutil.cc:34:86: error: too few arguments to function call, single argument 'context' was not specified
    Nan::Set(target, Nan::New<String>("BufferUtil").ToLocalChecked(), t->GetFunction());
                                                                      ~~~~~~~~~~~~~~ ^
/Users/kevinskyba/Library/Caches/node-gyp/16.13.1/include/node/v8.h:6802:46: note: 'GetFunction' declared here
  V8_WARN_UNUSED_RESULT MaybeLocal<Function> GetFunction(
                                             ^
../src/bufferutil.cc:50:49: error: too few arguments to function call, single argument 'context' was not specified
    Local<Object> bufferObj = info[0]->ToObject();
                              ~~~~~~~~~~~~~~~~~ ^
/Users/kevinskyba/Library/Caches/node-gyp/16.13.1/include/node/v8.h:3060:44: note: 'ToObject' declared here
  V8_WARN_UNUSED_RESULT MaybeLocal<Object> ToObject(
                                           ^
../src/bufferutil.cc:50:19: error: no viable conversion from 'MaybeLocal<v8::Object>' to 'Local<v8::Object>'
    Local<Object> bufferObj = info[0]->ToObject();
                  ^           ~~~~~~~~~~~~~~~~~~~
/Users/kevinskyba/Library/Caches/node-gyp/16.13.1/include/node/v8.h:200:7: note: candidate constructor (the implicit copy constructor) not viable: no known conversion from 'MaybeLocal<v8::Object>' to 'const v8::Local<v8::Object> &' for 1st argument
class Local {
      ^
/Users/kevinskyba/Library/Caches/node-gyp/16.13.1/include/node/v8.h:200:7: note: candidate constructor (the implicit move constructor) not viable: no known conversion from 'MaybeLocal<v8::Object>' to 'v8::Local<v8::Object> &&' for 1st argument
/Users/kevinskyba/Library/Caches/node-gyp/16.13.1/include/node/v8.h:204:13: note: candidate template ignored: could not match 'Local' against 'MaybeLocal'
  V8_INLINE Local(Local<S> that)
            ^
/Users/kevinskyba/Library/Caches/node-gyp/16.13.1/include/node/v8.h:348:22: note: explicit constructor is not a candidate
  explicit V8_INLINE Local(T* that) : val_(that) {}
                     ^
../src/bufferutil.cc:57:34: error: no matching member function for call to 'Get'
      Local<Object> src = array->Get(i)->ToObject();
                          ~~~~~~~^~~
/Users/kevinskyba/Library/Caches/node-gyp/16.13.1/include/node/v8.h:4007:43: note: candidate function not viable: requires 2 arguments, but 1 was provided
  V8_WARN_UNUSED_RESULT MaybeLocal<Value> Get(Local<Context> context,
                                          ^
/Users/kevinskyba/Library/Caches/node-gyp/16.13.1/include/node/v8.h:4010:43: note: candidate function not viable: requires 2 arguments, but 1 was provided
  V8_WARN_UNUSED_RESULT MaybeLocal<Value> Get(Local<Context> context,
                                          ^
../src/bufferutil.cc:68:50: error: too few arguments to function call, single argument 'context' was not specified
    Local<Object> buffer_obj = info[0]->ToObject();
                               ~~~~~~~~~~~~~~~~~ ^
/Users/kevinskyba/Library/Caches/node-gyp/16.13.1/include/node/v8.h:3060:44: note: 'ToObject' declared here
  V8_WARN_UNUSED_RESULT MaybeLocal<Object> ToObject(
                                           ^
../src/bufferutil.cc:68:19: error: no viable conversion from 'MaybeLocal<v8::Object>' to 'Local<v8::Object>'
    Local<Object> buffer_obj = info[0]->ToObject();
                  ^            ~~~~~~~~~~~~~~~~~~~
/Users/kevinskyba/Library/Caches/node-gyp/16.13.1/include/node/v8.h:200:7: note: candidate constructor (the implicit copy constructor) not viable: no known conversion from 'MaybeLocal<v8::Object>' to 'const v8::Local<v8::Object> &' for 1st argument
class Local {
      ^
/Users/kevinskyba/Library/Caches/node-gyp/16.13.1/include/node/v8.h:200:7: note: candidate constructor (the implicit move constructor) not viable: no known conversion from 'MaybeLocal<v8::Object>' to 'v8::Local<v8::Object> &&' for 1st argument
/Users/kevinskyba/Library/Caches/node-gyp/16.13.1/include/node/v8.h:204:13: note: candidate template ignored: could not match 'Local' against 'MaybeLocal'
  V8_INLINE Local(Local<S> that)
            ^
/Users/kevinskyba/Library/Caches/node-gyp/16.13.1/include/node/v8.h:348:22: note: explicit constructor is not a candidate
  explicit V8_INLINE Local(T* that) : val_(that) {}
                     ^
../src/bufferutil.cc:70:48: error: too few arguments to function call, single argument 'context' was not specified
    Local<Object> mask_obj = info[1]->ToObject();
                             ~~~~~~~~~~~~~~~~~ ^
/Users/kevinskyba/Library/Caches/node-gyp/16.13.1/include/node/v8.h:3060:44: note: 'ToObject' declared here
  V8_WARN_UNUSED_RESULT MaybeLocal<Object> ToObject(
                                           ^
../src/bufferutil.cc:70:19: error: no viable conversion from 'MaybeLocal<v8::Object>' to 'Local<v8::Object>'
    Local<Object> mask_obj = info[1]->ToObject();
                  ^          ~~~~~~~~~~~~~~~~~~~
/Users/kevinskyba/Library/Caches/node-gyp/16.13.1/include/node/v8.h:200:7: note: candidate constructor (the implicit copy constructor) not viable: no known conversion from 'MaybeLocal<v8::Object>' to 'const v8::Local<v8::Object> &' for 1st argument
class Local {
      ^
/Users/kevinskyba/Library/Caches/node-gyp/16.13.1/include/node/v8.h:200:7: note: candidate constructor (the implicit move constructor) not viable: no known conversion from 'MaybeLocal<v8::Object>' to 'v8::Local<v8::Object> &&' for 1st argument
/Users/kevinskyba/Library/Caches/node-gyp/16.13.1/include/node/v8.h:204:13: note: candidate template ignored: could not match 'Local' against 'MaybeLocal'
  V8_INLINE Local(Local<S> that)
            ^
/Users/kevinskyba/Library/Caches/node-gyp/16.13.1/include/node/v8.h:348:22: note: explicit constructor is not a candidate
  explicit V8_INLINE Local(T* that) : val_(that) {}
                     ^
../src/bufferutil.cc:89:50: error: too few arguments to function call, single argument 'context' was not specified
    Local<Object> buffer_obj = info[0]->ToObject();
                               ~~~~~~~~~~~~~~~~~ ^
/Users/kevinskyba/Library/Caches/node-gyp/16.13.1/include/node/v8.h:3060:44: note: 'ToObject' declared here
  V8_WARN_UNUSED_RESULT MaybeLocal<Object> ToObject(
                                           ^
../src/bufferutil.cc:89:19: error: no viable conversion from 'MaybeLocal<v8::Object>' to 'Local<v8::Object>'
    Local<Object> buffer_obj = info[0]->ToObject();
                  ^            ~~~~~~~~~~~~~~~~~~~
/Users/kevinskyba/Library/Caches/node-gyp/16.13.1/include/node/v8.h:200:7: note: candidate constructor (the implicit copy constructor) not viable: no known conversion from 'MaybeLocal<v8::Object>' to 'const v8::Local<v8::Object> &' for 1st argument
class Local {
      ^
/Users/kevinskyba/Library/Caches/node-gyp/16.13.1/include/node/v8.h:200:7: note: candidate constructor (the implicit move constructor) not viable: no known conversion from 'MaybeLocal<v8::Object>' to 'v8::Local<v8::Object> &&' for 1st argument
/Users/kevinskyba/Library/Caches/node-gyp/16.13.1/include/node/v8.h:204:13: note: candidate template ignored: could not match 'Local' against 'MaybeLocal'
  V8_INLINE Local(Local<S> that)
            ^
/Users/kevinskyba/Library/Caches/node-gyp/16.13.1/include/node/v8.h:348:22: note: explicit constructor is not a candidate
  explicit V8_INLINE Local(T* that) : val_(that) {}
                     ^
../src/bufferutil.cc:90:48: error: too few arguments to function call, single argument 'context' was not specified
    Local<Object> mask_obj = info[1]->ToObject();
                             ~~~~~~~~~~~~~~~~~ ^
/Users/kevinskyba/Library/Caches/node-gyp/16.13.1/include/node/v8.h:3060:44: note: 'ToObject' declared here
  V8_WARN_UNUSED_RESULT MaybeLocal<Object> ToObject(
                                           ^
fatal error: too many errors emitted, stopping now [-ferror-limit=]
1 warning and 20 errors generated.
make: *** [Release/obj.target/bufferutil/src/bufferutil.o] Error 1
gyp ERR! build error 
gyp ERR! stack Error: `make` failed with exit code: 2
gyp ERR! stack     at ChildProcess.onExit (/Users/kevinskyba/.nvm/versions/node/v16.13.1/lib/node_modules/npm/node_modules/node-gyp/lib/build.js:194:23)
gyp ERR! stack     at ChildProcess.emit (node:events:390:28)
gyp ERR! stack     at Process.ChildProcess._handle.onexit (node:internal/child_process:290:12)
gyp ERR! System Darwin 21.0.1
gyp ERR! command "/Users/kevinskyba/.nvm/versions/node/v16.13.1/bin/node" "/Users/kevinskyba/.nvm/versions/node/v16.13.1/lib/node_modules/npm/node_modules/node-gyp/bin/node-gyp.js" "rebuild"
gyp ERR! cwd /Users/kevinskyba/Development/Udacity/BcND-Project2/node_modules/websocket
gyp ERR! node -v v16.13.1
gyp ERR! node-gyp -v v8.3.0
gyp ERR! not ok 
